app/build/intermediates/manifest_merge_blame_file/debug/manifest-merger-blame-debug-report.txt
1<?xml version="1.0" encoding="utf-8"?>
2<manifest xmlns:android="http://schemas.android.com/apk/res/android"
3    package="com.project.peoplescorner"
4    android:versionCode="1"
5    android:versionName="1.0" >
6
7    <uses-sdk
8        android:minSdkVersion="15"
8-->src\main\AndroidManifest.xml
9        android:targetSdkVersion="28" />
9-->src\main\AndroidManifest.xml
10
11    <uses-permission android:name="android.permission.CAMERA" />
11-->src\main\AndroidManifest.xml:8:5-65
11-->src\main\AndroidManifest.xml:8:22-62
12
13    <uses-feature android:name="android.hardware.camera" />
13-->src\main\AndroidManifest.xml:9:5-60
13-->src\main\AndroidManifest.xml:9:19-57
14
15    <uses-permission android:name="android.permission.READ_EXTERNAL_STORAGE" />
15-->src\main\AndroidManifest.xml:10:5-80
15-->src\main\AndroidManifest.xml:10:22-77
16    <uses-permission android:name="android.permission.WRITE_EXTERNAL_STORAGE" />
16-->src\main\AndroidManifest.xml:11:5-81
16-->src\main\AndroidManifest.xml:11:22-78
17    <uses-permission android:name="android.permission.READ_PHONE_STATE" />
17-->src\main\AndroidManifest.xml:12:5-75
17-->src\main\AndroidManifest.xml:12:22-72
18    <uses-permission android:name="android.permission.INTERNET" />
18-->src\main\AndroidManifest.xml:13:5-67
18-->src\main\AndroidManifest.xml:13:22-64
19    <uses-permission android:name="android.permission.ACCESS_FINE_LOCATION" />
19-->src\main\AndroidManifest.xml:14:5-79
19-->src\main\AndroidManifest.xml:14:22-76
20    <uses-permission android:name="android.permission.ACCESS_NETWORK_STATE" />
20-->src\main\AndroidManifest.xml:15:5-79
20-->src\main\AndroidManifest.xml:15:22-76
21
22    <application
22-->src\main\AndroidManifest.xml:17:5-53:19
23        android:allowBackup="true"
23-->src\main\AndroidManifest.xml:18:9-35
24        android:appComponentFactory="android.support.v4.app.CoreComponentFactory"
24-->[com.android.support:support-compat:28.0.0] AndroidManifest.xml:22:18-91
25        android:debuggable="true"
26        android:icon="@drawable/complaint"
26-->src\main\AndroidManifest.xml:19:9-43
27        android:label="@string/app_name"
27-->src\main\AndroidManifest.xml:20:9-41
28        android:testOnly="true"
29        android:theme="@style/AppTheme"
29-->src\main\AndroidManifest.xml:21:9-40
30        android:usesCleartextTraffic="true" >
30-->src\main\AndroidManifest.xml:22:9-44
31        <activity
31-->src\main\AndroidManifest.xml:23:9-31:20
32            android:name="com.project.peoplescorner.MainActivity"
32-->src\main\AndroidManifest.xml:24:13-41
33            android:label="@string/app_name" >
33-->src\main\AndroidManifest.xml:25:13-45
34            <intent-filter>
34-->src\main\AndroidManifest.xml:26:13-30:29
35                <action android:name="android.intent.action.MAIN" />
35-->src\main\AndroidManifest.xml:27:17-69
35-->src\main\AndroidManifest.xml:27:25-66
36
37                <category android:name="android.intent.category.LAUNCHER" />
37-->src\main\AndroidManifest.xml:29:17-77
37-->src\main\AndroidManifest.xml:29:27-74
38            </intent-filter>
39        </activity>
40        <activity android:name="com.project.peoplescorner.TabScreen" />
40-->src\main\AndroidManifest.xml:32:9-47
40-->src\main\AndroidManifest.xml:32:19-44
41        <activity android:name="com.project.peoplescorner.ExistingComplaints" />
41-->src\main\AndroidManifest.xml:33:9-56
41-->src\main\AndroidManifest.xml:33:19-53
42        <activity android:name="com.project.peoplescorner.NewComplaint" />
42-->src\main\AndroidManifest.xml:34:9-50
42-->src\main\AndroidManifest.xml:34:19-47
43        <!-- <activity android:name=".Camerapreview" /> -->
44        <activity
44-->src\main\AndroidManifest.xml:36:9-107
45            android:name="com.project.peoplescorner.UserLogin"
45-->src\main\AndroidManifest.xml:36:19-44
46            android:label="@string/title_activity_user_login" />
46-->src\main\AndroidManifest.xml:36:45-94
47        <activity
47-->src\main\AndroidManifest.xml:37:9-123
48            android:name="com.project.peoplescorner.User_Registration"
48-->src\main\AndroidManifest.xml:37:19-52
49            android:label="@string/title_activity_user__registration" />
49-->src\main\AndroidManifest.xml:37:53-110
50
51        <provider
52            android:name="android.support.v4.content.FileProvider"
52-->src\main\AndroidManifest.xml:40:13-67
53            android:authorities="com.project.peoplescorner.com.project.peoplescorner.provider"
53-->src\main\AndroidManifest.xml:41:13-86
54            android:exported="false"
54-->src\main\AndroidManifest.xml:42:13-37
55            android:grantUriPermissions="true" >
55-->src\main\AndroidManifest.xml:43:13-47
56            <meta-data
56-->src\main\AndroidManifest.xml:44:13-47:25
57                android:name="android.support.FILE_PROVIDER_PATHS"
57-->src\main\AndroidManifest.xml:45:17-67
58                android:resource="@xml/provider_paths" >
58-->src\main\AndroidManifest.xml:46:17-55
59            </meta-data>
60        </provider>
61
62        <activity android:name="com.project.peoplescorner.CameraPreview" />
62-->src\main\AndroidManifest.xml:50:9-60
62-->src\main\AndroidManifest.xml:50:19-48
63
64        <uses-library
64-->src\main\AndroidManifest.xml:52:9-87
65            android:name="org.apache.http.legacy"
65-->src\main\AndroidManifest.xml:52:23-60
66            android:required="false" />
66-->src\main\AndroidManifest.xml:52:61-85
67    </application>
68
69</manifest>